This file contains any messages produced by compilers while
running configure, to aid debugging if configure makes a mistake.

It was created by configure, which was
generated by GNU Autoconf 2.61.  Invocation command line was

  $ ./configure --with-php-config=/Users/selfimpr/local/php-5.5.0-debug/bin/php-config

## --------- ##
## Platform. ##
## --------- ##

hostname = localhost
uname -m = x86_64
uname -r = 11.4.2
uname -s = Darwin
uname -v = Darwin Kernel Version 11.4.2: Thu Aug 23 16:25:48 PDT 2012; root:xnu-1699.32.7~1/RELEASE_X86_64

/usr/bin/uname -p = i386
/bin/uname -X     = unknown

/bin/arch              = unknown
/usr/bin/arch -k       = unknown
/usr/convex/getsysinfo = unknown
/usr/bin/hostinfo      = Mach kernel version:
	 Darwin Kernel Version 11.4.2: Thu Aug 23 16:25:48 PDT 2012; root:xnu-1699.32.7~1/RELEASE_X86_64
Kernel configured for up to 4 processors.
2 processors are physically available.
4 processors are logically available.
Processor type: i486 (Intel 80486)
Processors active: 0 1 2 3
Primary memory available: 4.00 gigabytes
Default processor set: 127 tasks, 541 threads, 4 processors
Load average: 0.79, Mach factor: 3.20
/bin/machine           = unknown
/usr/bin/oslevel       = unknown
/bin/universe          = unknown

PATH: .
PATH: /Users/selfimpr/local/apache2/bin
PATH: /Users/selfimpr/.bin
PATH: /usr/local/ImageMagick-6.7.7-4/bin
PATH: /usr/bin
PATH: /bin
PATH: /usr/sbin
PATH: /sbin
PATH: /usr/local/bin
PATH: /usr/X11/bin
PATH: /usr/texbin
PATH: .
PATH: /Users/selfimpr/local/apache2/bin
PATH: /Users/selfimpr/.bin
PATH: /usr/local/ImageMagick-6.7.7-4/bin
PATH: /usr/local/wget-1.13.4/bin
PATH: /usr/local/mysql-5.0.27/bin
PATH: /usr/local/wget-1.13.4/bin
PATH: /usr/local/mysql-5.0.27/bin
PATH: /Users/selfimpr/.bin


## ----------- ##
## Core tests. ##
## ----------- ##

configure:1878: checking for grep that handles long lines and -e
configure:1952: result: /usr/bin/grep
configure:1957: checking for egrep
configure:2035: result: /usr/bin/grep -E
configure:2040: checking for a sed that does not truncate output
configure:2094: result: /usr/bin/sed
configure:2226: checking for cc
configure:2242: found /usr/bin/cc
configure:2253: result: cc
configure:2289: checking for C compiler version
configure:2296: cc --version >&5
i686-apple-darwin11-llvm-gcc-4.2 (GCC) 4.2.1 (Based on Apple Inc. build 5658) (LLVM build 2335.15.00)
Copyright (C) 2007 Free Software Foundation, Inc.
This is free software; see the source for copying conditions.  There is NO
warranty; not even for MERCHANTABILITY or FITNESS FOR A PARTICULAR PURPOSE.

configure:2299: $? = 0
configure:2306: cc -v >&5
Using built-in specs.
Target: i686-apple-darwin11
Configured with: /private/var/tmp/llvmgcc42/llvmgcc42-2335.15~18/src/configure --disable-checking --enable-werror --prefix=/Developer/usr/llvm-gcc-4.2 --mandir=/share/man --enable-languages=c,objc,c++,obj-c++ --program-prefix=llvm- --program-transform-name=/^[cg][^.-]*$/s/$/-4.2/ --with-slibdir=/usr/lib --build=i686-apple-darwin11 --enable-llvm=/private/var/tmp/llvmgcc42/llvmgcc42-2335.15~18/dst-llvmCore/Developer/usr/local --program-prefix=i686-apple-darwin11- --host=x86_64-apple-darwin11 --target=i686-apple-darwin11 --with-gxx-include-dir=/usr/include/c++/4.2.1
Thread model: posix
gcc version 4.2.1 (Based on Apple Inc. build 5658) (LLVM build 2335.15.00)
configure:2309: $? = 0
configure:2316: cc -V >&5
llvm-gcc-4.2: argument to `-V' is missing
configure:2319: $? = 1
configure:2342: checking for C compiler default output file name
configure:2369: cc    conftest.c  >&5
configure:2372: $? = 0
configure:2410: result: a.out
configure:2427: checking whether the C compiler works
configure:2437: ./a.out
configure:2440: $? = 0
configure:2457: result: yes
configure:2464: checking whether we are cross compiling
configure:2466: result: no
configure:2469: checking for suffix of executables
configure:2476: cc -o conftest    conftest.c  >&5
configure:2479: $? = 0
configure:2503: result: 
configure:2509: checking for suffix of object files
configure:2535: cc -c   conftest.c >&5
configure:2538: $? = 0
configure:2561: result: o
configure:2565: checking whether we are using the GNU C compiler
configure:2594: cc -c   conftest.c >&5
configure:2600: $? = 0
configure:2617: result: yes
configure:2622: checking whether cc accepts -g
configure:2652: cc -c -g  conftest.c >&5
configure:2658: $? = 0
configure:2757: result: yes
configure:2774: checking for cc option to accept ISO C89
configure:2848: cc  -c -g -O2  conftest.c >&5
configure:2854: $? = 0
configure:2877: result: none needed
configure:2901: checking how to run the C preprocessor
configure:2941: cc -E  conftest.c
configure:2947: $? = 0
configure:2978: cc -E  conftest.c
conftest.c:8:28: error: ac_nonexistent.h: No such file or directory
configure:2984: $? = 1
configure: failed program was:
| /* confdefs.h.  */
| #define PACKAGE_NAME ""
| #define PACKAGE_TARNAME ""
| #define PACKAGE_VERSION ""
| #define PACKAGE_STRING ""
| #define PACKAGE_BUGREPORT ""
| /* end confdefs.h.  */
| #include <ac_nonexistent.h>
configure:3017: result: cc -E
configure:3046: cc -E  conftest.c
configure:3052: $? = 0
configure:3083: cc -E  conftest.c
conftest.c:8:28: error: ac_nonexistent.h: No such file or directory
configure:3089: $? = 1
configure: failed program was:
| /* confdefs.h.  */
| #define PACKAGE_NAME ""
| #define PACKAGE_TARNAME ""
| #define PACKAGE_VERSION ""
| #define PACKAGE_STRING ""
| #define PACKAGE_BUGREPORT ""
| /* end confdefs.h.  */
| #include <ac_nonexistent.h>
configure:3129: checking for icc
configure:3142: result: no
configure:3156: checking for suncc
configure:3169: result: no
configure:3187: checking whether cc understands -c and -o together
configure:3219: cc -c conftest.c -o conftest2.o >&5
configure:3222: $? = 0
configure:3228: cc -c conftest.c -o conftest2.o >&5
configure:3231: $? = 0
configure:3283: result: yes
configure:3299: checking for system library directory
configure:3314: result: lib
configure:3321: checking if compiler supports -R
configure:3350: cc -o conftest -g -O2   conftest.c -R /usr/lib  >&5
ld: in /usr/lib, can't map file, errno=22 for architecture x86_64
collect2: ld returned 1 exit status
configure:3356: $? = 1
configure: failed program was:
| /* confdefs.h.  */
| #define PACKAGE_NAME ""
| #define PACKAGE_TARNAME ""
| #define PACKAGE_VERSION ""
| #define PACKAGE_STRING ""
| #define PACKAGE_BUGREPORT ""
| /* end confdefs.h.  */
| 
| int
| main ()
| {
| 
|   ;
|   return 0;
| }
configure:3375: result: no
configure:3380: checking if compiler supports -Wl,-rpath,
configure:3409: cc -o conftest -g -O2   conftest.c -Wl,-rpath,/usr/lib  >&5
configure:3415: $? = 0
configure:3434: result: yes
configure:3483: checking build system type
configure:3501: result: x86_64-apple-darwin11.4.2
configure:3523: checking host system type
configure:3538: result: x86_64-apple-darwin11.4.2
configure:3560: checking target system type
configure:3575: result: x86_64-apple-darwin11.4.2
configure:3684: checking for PHP prefix
configure:3686: result: /Users/selfimpr/local/php-5.5.0-debug
configure:3688: checking for PHP includes
configure:3690: result: -I/Users/selfimpr/local/php-5.5.0-debug/include/php -I/Users/selfimpr/local/php-5.5.0-debug/include/php/main -I/Users/selfimpr/local/php-5.5.0-debug/include/php/TSRM -I/Users/selfimpr/local/php-5.5.0-debug/include/php/Zend -I/Users/selfimpr/local/php-5.5.0-debug/include/php/ext -I/Users/selfimpr/local/php-5.5.0-debug/include/php/ext/date/lib
configure:3692: checking for PHP extension directory
configure:3694: result: /Users/selfimpr/local/php-5.5.0-debug/lib/php/extensions/debug-non-zts-20121212
configure:3696: checking for PHP installed headers prefix
configure:3698: result: /Users/selfimpr/local/php-5.5.0-debug/include/php
configure:3701: checking if debug is enabled
configure:3731: result: yes
configure:3734: checking if zts is enabled
configure:3764: result: yes
configure:3835: checking for re2c
configure:3865: result: no
configure:3890: WARNING: You will need re2c 0.13.4 or later if you want to regenerate PHP parsers.
configure:3904: checking for gawk
configure:3935: result: no
configure:3904: checking for nawk
configure:3935: result: no
configure:3904: checking for awk
configure:3921: found /usr/bin/awk
configure:3932: result: awk
configure:3957: checking if awk is broken
configure:3966: result: no
configure:3984: checking whether to enable clm support
configure:4023: result: yes, shared
configure:4423: checking for ld used by cc
configure:4490: result: /usr/llvm-gcc-4.2/libexec/gcc/i686-apple-darwin11/4.2.1/ld
configure:4499: checking if the linker (/usr/llvm-gcc-4.2/libexec/gcc/i686-apple-darwin11/4.2.1/ld) is GNU ld
configure:4514: result: no
configure:4519: checking for /usr/llvm-gcc-4.2/libexec/gcc/i686-apple-darwin11/4.2.1/ld option to reload object files
configure:4526: result: -r
configure:4544: checking for BSD-compatible nm
configure:4593: result: /usr/bin/nm
configure:4597: checking whether ln -s works
configure:4601: result: yes
configure:4608: checking how to recognize dependent libraries
configure:4794: result: pass_all
configure:5031: checking for ANSI C header files
configure:5061: cc -c -g  -O0  conftest.c >&5
configure:5067: $? = 0
configure:5166: cc -o conftest -g  -O0   conftest.c  >&5
configure:5169: $? = 0
configure:5175: ./conftest
configure:5178: $? = 0
configure:5195: result: yes
configure:5219: checking for sys/types.h
configure:5240: cc -c -g  -O0  conftest.c >&5
configure:5246: $? = 0
configure:5262: result: yes
configure:5219: checking for sys/stat.h
configure:5240: cc -c -g  -O0  conftest.c >&5
configure:5246: $? = 0
configure:5262: result: yes
configure:5219: checking for stdlib.h
configure:5240: cc -c -g  -O0  conftest.c >&5
configure:5246: $? = 0
configure:5262: result: yes
configure:5219: checking for string.h
configure:5240: cc -c -g  -O0  conftest.c >&5
configure:5246: $? = 0
configure:5262: result: yes
configure:5219: checking for memory.h
configure:5240: cc -c -g  -O0  conftest.c >&5
configure:5246: $? = 0
configure:5262: result: yes
configure:5219: checking for strings.h
configure:5240: cc -c -g  -O0  conftest.c >&5
configure:5246: $? = 0
configure:5262: result: yes
configure:5219: checking for inttypes.h
configure:5240: cc -c -g  -O0  conftest.c >&5
configure:5246: $? = 0
configure:5262: result: yes
configure:5219: checking for stdint.h
configure:5240: cc -c -g  -O0  conftest.c >&5
configure:5246: $? = 0
configure:5262: result: yes
configure:5219: checking for unistd.h
configure:5240: cc -c -g  -O0  conftest.c >&5
configure:5246: $? = 0
configure:5262: result: yes
configure:5289: checking dlfcn.h usability
configure:5306: cc -c -g  -O0  conftest.c >&5
configure:5312: $? = 0
configure:5326: result: yes
configure:5330: checking dlfcn.h presence
configure:5345: cc -E  conftest.c
configure:5351: $? = 0
configure:5365: result: yes
configure:5393: checking for dlfcn.h
configure:5401: result: yes
configure:5426: checking the maximum length of command line arguments
configure:5538: result: 196608
configure:5550: checking command to parse /usr/bin/nm output from cc object
configure:5655: cc -c -g  -O0  conftest.c >&5
configure:5658: $? = 0
configure:5662: /usr/bin/nm conftest.o \| sed -n -e 's/^.*[ 	]\([BCDEGRST][BCDEGRST]*\)[ 	][ 	]*\([_A-Za-z][_A-Za-z0-9]*\)$/\1 \2 \2/p' \> conftest.nm
configure:5665: $? = 0
cannot find nm_test_var in conftest.nm
configure:5655: cc -c -g  -O0  conftest.c >&5
configure:5658: $? = 0
configure:5662: /usr/bin/nm conftest.o \| sed -n -e 's/^.*[ 	]\([BCDEGRST][BCDEGRST]*\)[ 	][ 	]*_\([_A-Za-z][_A-Za-z0-9]*\)$/\1 _\2 \2/p' \> conftest.nm
configure:5665: $? = 0
configure:5717: cc -o conftest -g  -O0   conftest.c conftstm.o >&5
configure:5720: $? = 0
configure:5758: result: ok
configure:5762: checking for objdir
configure:5777: result: .libs
configure:5869: checking for ar
configure:5885: found /usr/bin/ar
configure:5896: result: ar
configure:5965: checking for ranlib
configure:5981: found /usr/bin/ranlib
configure:5992: result: ranlib
configure:6061: checking for strip
configure:6077: found /usr/bin/strip
configure:6088: result: strip
configure:6345: checking for dsymutil
configure:6361: found /usr/bin/dsymutil
configure:6372: result: dsymutil
configure:6441: checking for nmedit
configure:6457: found /usr/bin/nmedit
configure:6468: result: nmedit
configure:6495: checking for -single_module linker flag
configure:6516: result: yes
configure:6518: checking for -exported_symbols_list linker flag
configure:6534: cc -o conftest -g  -O0   -Wl,-exported_symbols_list,conftest.sym conftest.c  >&5
configure:6537: $? = 0
configure:6551: result: yes
configure:6669: checking if cc supports -fno-rtti -fno-exceptions
configure:6687: cc -c -g  -O0  -fno-rtti -fno-exceptions conftest.c >&5
cc1: warning: command line option "-fno-rtti" is valid for C++/ObjC++ but not for C
configure:6691: $? = 0
configure:6704: result: no
configure:6719: checking for cc option to produce PIC
configure:6959: result: -fno-common
configure:6967: checking if cc PIC flag -fno-common works
configure:6985: cc -c -g  -O0  -fno-common -DPIC conftest.c >&5
configure:6989: $? = 0
configure:7002: result: yes
configure:7030: checking if cc static flag -static works
configure:7058: result: no
configure:7068: checking if cc supports -c -o file.o
configure:7089: cc -c -g  -O0  -o out/conftest2.o conftest.c >&5
configure:7093: $? = 0
configure:7115: result: yes
configure:7141: checking whether the cc linker (/usr/llvm-gcc-4.2/libexec/gcc/i686-apple-darwin11/4.2.1/ld) supports shared libraries
configure:8073: result: yes
configure:8140: checking dynamic linker characteristics
configure:8742: result: darwin11.4.2 dyld
configure:8766: checking how to hardcode library paths into programs
configure:8791: result: immediate
configure:8805: checking whether stripping libraries is possible
configure:8819: result: yes
configure:9612: checking if libtool supports shared libraries
configure:9614: result: yes
configure:9617: checking whether to build shared libraries
configure:9638: result: yes
configure:9641: checking whether to build static libraries
configure:9645: result: no
configure:9740: result:
creating libtool
configure:13439: creating ./config.status

## ---------------------- ##
## Running config.status. ##
## ---------------------- ##

This file was extended by config.status, which was
generated by GNU Autoconf 2.61.  Invocation command line was

  CONFIG_FILES    = 
  CONFIG_HEADERS  = 
  CONFIG_LINKS    = 
  CONFIG_COMMANDS = 
  $ ./config.status 

on localhost

config.status:515: creating config.h

## ---------------- ##
## Cache variables. ##
## ---------------- ##

ac_cv_build=x86_64-apple-darwin11.4.2
ac_cv_c_compiler_gnu=yes
ac_cv_env_CC_set=
ac_cv_env_CC_value=
ac_cv_env_CFLAGS_set=
ac_cv_env_CFLAGS_value=
ac_cv_env_CPPFLAGS_set=
ac_cv_env_CPPFLAGS_value=
ac_cv_env_CPP_set=
ac_cv_env_CPP_value=
ac_cv_env_LDFLAGS_set=
ac_cv_env_LDFLAGS_value=
ac_cv_env_LIBS_set=
ac_cv_env_LIBS_value=
ac_cv_env_build_alias_set=
ac_cv_env_build_alias_value=
ac_cv_env_host_alias_set=
ac_cv_env_host_alias_value=
ac_cv_env_target_alias_set=
ac_cv_env_target_alias_value=
ac_cv_header_dlfcn_h=yes
ac_cv_header_inttypes_h=yes
ac_cv_header_memory_h=yes
ac_cv_header_stdc=yes
ac_cv_header_stdint_h=yes
ac_cv_header_stdlib_h=yes
ac_cv_header_string_h=yes
ac_cv_header_strings_h=yes
ac_cv_header_sys_stat_h=yes
ac_cv_header_sys_types_h=yes
ac_cv_header_unistd_h=yes
ac_cv_host=x86_64-apple-darwin11.4.2
ac_cv_objext=o
ac_cv_path_EGREP='/usr/bin/grep -E'
ac_cv_path_GREP=/usr/bin/grep
ac_cv_prog_AWK=awk
ac_cv_prog_CPP='cc -E'
ac_cv_prog_ac_ct_AR=ar
ac_cv_prog_ac_ct_CC=cc
ac_cv_prog_ac_ct_DSYMUTIL=dsymutil
ac_cv_prog_ac_ct_NMEDIT=nmedit
ac_cv_prog_ac_ct_RANLIB=ranlib
ac_cv_prog_ac_ct_STRIP=strip
ac_cv_prog_cc_c89=
ac_cv_prog_cc_cc_c_o=yes
ac_cv_prog_cc_g=yes
ac_cv_target=x86_64-apple-darwin11.4.2
lt_cv_apple_cc_single_mod=yes
lt_cv_deplibs_check_method=pass_all
lt_cv_file_magic_cmd='$MAGIC_CMD'
lt_cv_file_magic_test_file=
lt_cv_ld_exported_symbols_list=yes
lt_cv_ld_reload_flag=-r
lt_cv_objdir=.libs
lt_cv_path_LD=/usr/llvm-gcc-4.2/libexec/gcc/i686-apple-darwin11/4.2.1/ld
lt_cv_path_NM=/usr/bin/nm
lt_cv_path_SED=/usr/bin/sed
lt_cv_prog_compiler_c_o=yes
lt_cv_prog_compiler_pic_works=yes
lt_cv_prog_compiler_rtti_exceptions=no
lt_cv_prog_compiler_static_works=no
lt_cv_prog_gnu_ld=no
lt_cv_sys_global_symbol_pipe='sed -n -e '\''s/^.*[ 	]\([BCDEGRST][BCDEGRST]*\)[ 	][ 	]*_\([_A-Za-z][_A-Za-z0-9]*\)$/\1 _\2 \2/p'\'''
lt_cv_sys_global_symbol_to_c_name_address='sed -n -e '\''s/^: \([^ ]*\) $/  {\"\1\", (lt_ptr) 0},/p'\'' -e '\''s/^[BCDEGRST] \([^ ]*\) \([^ ]*\)$/  {"\2", (lt_ptr) \&\2},/p'\'''
lt_cv_sys_global_symbol_to_cdecl='sed -n -e '\''s/^. .* \(.*\)$/extern int \1;/p'\'''
lt_cv_sys_lib_dlsearch_path_spec='/usr/local/lib /lib /usr/lib'
lt_cv_sys_lib_search_path_spec='/usr/llvm-gcc-4.2/lib/gcc/i686-apple-darwin11/4.2.1/x86_64 /Developer/usr/llvm-gcc-4.2/lib/gcc/i686-apple-darwin11/4.2.1/x86_64 /usr/lib/gcc/i686-apple-darwin11/4.2.1/x86_64 /usr/lib/i686-apple-darwin11/4.2.1 /usr/lib /usr/llvm-gcc-4.2/lib/gcc /usr/llvm-gcc-4.2/lib /Developer/usr/llvm-gcc-4.2/lib /usr/local/lib'
lt_cv_sys_max_cmd_len=196608
lt_lt_cv_prog_compiler_c_o='"yes"'
lt_lt_cv_sys_global_symbol_pipe='"sed -n -e '\''s/^.*[ 	]\\([BCDEGRST][BCDEGRST]*\\)[ 	][ 	]*_\\([_A-Za-z][_A-Za-z0-9]*\\)\$/\\1 _\\2 \\2/p'\''"'
lt_lt_cv_sys_global_symbol_to_c_name_address='"sed -n -e '\''s/^: \\([^ ]*\\) \$/  {\\\"\\1\\\", (lt_ptr) 0},/p'\'' -e '\''s/^[BCDEGRST] \\([^ ]*\\) \\([^ ]*\\)\$/  {\"\\2\", (lt_ptr) \\&\\2},/p'\''"'
lt_lt_cv_sys_global_symbol_to_cdecl='"sed -n -e '\''s/^. .* \\(.*\\)\$/extern int \\1;/p'\''"'
php_cv_cc_dashr=no
php_cv_cc_rpath=yes

## ----------------- ##
## Output variables. ##
## ----------------- ##

AR='ar'
AWK='awk'
CC='cc'
CFLAGS='-g  -O0'
CONFIGURE_COMMAND=' '\''./configure'\''  '\''--with-php-config=/Users/selfimpr/local/php-5.5.0-debug/bin/php-config'\'''
CONFIGURE_OPTIONS=' '\''--with-php-config=/Users/selfimpr/local/php-5.5.0-debug/bin/php-config'\'''
CPP='cc -E'
CPPFLAGS=' -DHAVE_CONFIG_H'
DEFS='-DHAVE_CONFIG_H'
DSYMUTIL='dsymutil'
ECHO='/bin/echo'
ECHO_C='ECHO_N=''
ECHO_T=''
EGREP='/usr/bin/grep -E'
EXEEXT=''
GREP='/usr/bin/grep'
LDFLAGS=''
LIBOBJS=''
LIBS=''
LIBTOOL='$(SHELL) $(top_builddir)/libtool'
LN_S='ln -s'
LTLIBOBJS=''
NMEDIT='nmedit'
OBJEXT='o'
PACKAGE_BUGREPORT=''
PACKAGE_NAME=''
PACKAGE_STRING=''
PACKAGE_TARNAME=''
PACKAGE_VERSION=''
PATH_SEPARATOR=':'
RANLIB='ranlib'
RE2C='exit 0;'
SED='/usr/bin/sed'
SHELL='/bin/sh'
SHLIB_DL_SUFFIX_NAME='so'
SHLIB_SUFFIX_NAME='dylib'
STRIP='strip'
ac_ct_CC='cc'
bindir='${exec_prefix}/bin'
build='x86_64-apple-darwin11.4.2'
build_alias=''
build_cpu='x86_64'
build_os='darwin11.4.2'
build_vendor='apple'
datadir='${datarootdir}'
datarootdir='${prefix}/share'
docdir='${datarootdir}/doc/${PACKAGE}'
dvidir='${docdir}'
exec_prefix='$(prefix)'
host='x86_64-apple-darwin11.4.2'
host_alias='x86_64-apple-darwin11.4.2'
host_cpu='x86_64'
host_os='darwin11.4.2'
host_vendor='apple'
htmldir='${docdir}'
includedir='${prefix}/include'
infodir='${datarootdir}/info'
libdir='${exec_prefix}/lib'
libexecdir='${exec_prefix}/libexec'
localedir='${datarootdir}/locale'
localstatedir='${prefix}/var'
mandir='${datarootdir}/man'
oldincludedir='/usr/include'
pdfdir='${docdir}'
prefix='/Users/selfimpr/local/php-5.5.0-debug'
program_transform_name='s,x,x,'
psdir='${docdir}'
sbindir='${exec_prefix}/sbin'
sharedstatedir='${prefix}/com'
sysconfdir='${prefix}/etc'
target='x86_64-apple-darwin11.4.2'
target_alias=''
target_cpu='x86_64'
target_os='darwin11.4.2'
target_vendor='apple'

## ----------- ##
## confdefs.h. ##
## ----------- ##

#define PACKAGE_NAME ""
#define PACKAGE_TARNAME ""
#define PACKAGE_VERSION ""
#define PACKAGE_STRING ""
#define PACKAGE_BUGREPORT ""
#define COMPILE_DL_CLM 1
#define STDC_HEADERS 1
#define HAVE_SYS_TYPES_H 1
#define HAVE_SYS_STAT_H 1
#define HAVE_STDLIB_H 1
#define HAVE_STRING_H 1
#define HAVE_MEMORY_H 1
#define HAVE_STRINGS_H 1
#define HAVE_INTTYPES_H 1
#define HAVE_STDINT_H 1
#define HAVE_UNISTD_H 1
#define HAVE_DLFCN_H 1

configure: exit 0
